  AssetManager.cpp
  Ball.cpp
  Entity.cpp
  GameMainMenu.cpp
  GamePaused.cpp
  GameRunning.cpp
C:\PuyoPuyoOnABudget\PuyoPuyoOnABudget\PuyoPuyoOnABudget\Scripts\Ball.cpp(339,20): warning C4018:  '<': signed/unsigned mismatch
C:\PuyoPuyoOnABudget\PuyoPuyoOnABudget\PuyoPuyoOnABudget\Scripts\GameRunning.cpp(28,20): warning C4018:  '<': signed/unsigned mismatch
  GameWindow.cpp
C:\PuyoPuyoOnABudget\PuyoPuyoOnABudget\PuyoPuyoOnABudget\Scripts\GameRunning.cpp(49,20): warning C4018:  '<': signed/unsigned mismatch
C:\PuyoPuyoOnABudget\PuyoPuyoOnABudget\PuyoPuyoOnABudget\Scripts\GameWindow.cpp(86,13): warning C4101:  'height': unreferenced local variable
  PuyoPuyo.cpp
C:\PuyoPuyoOnABudget\PuyoPuyoOnABudget\PuyoPuyoOnABudget\Scripts\GameWindow.cpp(86,6): warning C4101:  'width': unreferenced local variable
C:\PuyoPuyoOnABudget\PuyoPuyoOnABudget\PuyoPuyoOnABudget\Scripts\PuyoPuyo.cpp(453,10): warning C4244:  'initializing': conversion from 'double' to 'int', possible loss of data
C:\PuyoPuyoOnABudget\PuyoPuyoOnABudget\PuyoPuyoOnABudget\Scripts\PuyoPuyo.cpp(514,20): warning C4018:  '<': signed/unsigned mismatch
  Text.cpp
  main.cpp
C:\PuyoPuyoOnABudget\PuyoPuyoOnABudget\PuyoPuyoOnABudget\Scripts\PuyoPuyo.cpp(516,21): warning C4018:  '<': signed/unsigned mismatch
  Generating Code...
C:\PuyoPuyoOnABudget\PuyoPuyoOnABudget\PuyoPuyoOnABudget\Scripts\main.cpp(26,12): warning C4244:  'argument': conversion from 'time_t' to 'unsigned int', possible loss of data
C:\PuyoPuyoOnABudget\PuyoPuyoOnABudget\PuyoPuyoOnABudget\Scripts\PuyoPuyo.cpp(424): warning C4715:  'PuyoPuyo::AddToBallSetLeaders': not all control paths return a value
C:\PuyoPuyoOnABudget\PuyoPuyoOnABudget\PuyoPuyoOnABudget\Scripts\AssetManager.cpp(152): warning C4715:  'AssetManager::GetRandomEntityTexture': not all control paths return a value
C:\PuyoPuyoOnABudget\PuyoPuyoOnABudget\PuyoPuyoOnABudget\Scripts\AssetManager.cpp(168): warning C4715:  'AssetManager::GetSquareTexture': not all control paths return a value
  PuyoPuyoOnABudget.vcxproj -> C:\PuyoPuyoOnABudget\PuyoPuyoOnABudget\Debug\PuyoPuyoOnABudget.exe
